The system is: Windows - 10.0.19043 - AMD64
Compiling the C compiler identification source file "CMakeCCompilerId.c" succeeded.
Compiler: C:/Program Files (x86)/Microsoft Visual Studio/2019/Professional/VC/Tools/MSVC/14.29.30037/bin/Hostx86/x86/cl.exe 
Build flags: 
Id flags:  

The output was:
0
Microsoft (R) C/C++ Optimizing Compiler versione 19.29.30038.1 per x86
Copyright (C) Microsoft Corporation. Tutti i diritti  sono riservati.

CMakeCCompilerId.c
Microsoft (R) Incremental Linker Version 14.29.30038.1
Copyright (C) Microsoft Corporation.  All rights reserved.

/out:CMakeCCompilerId.exe 
CMakeCCompilerId.obj 


Compilation of the C compiler identification source "CMakeCCompilerId.c" produced "CMakeCCompilerId.exe"

Compilation of the C compiler identification source "CMakeCCompilerId.c" produced "CMakeCCompilerId.obj"

The C compiler identification is MSVC, found in "C:/Users/e.cucchietti.1732/CLionProjects/puntatori3/cmake-build-debug/CMakeFiles/3.19.2/CompilerIdC/CMakeCCompilerId.exe"

Detecting C compiler ABI info compiled with the following output:
Change Dir: C:/Users/e.cucchietti.1732/CLionProjects/puntatori3/cmake-build-debug/CMakeFiles/CMakeTmp

Run Build Command(s):nmake /nologo cmTC_112ce\fast && 	"C:\Program Files (x86)\Microsoft Visual Studio\2019\Professional\VC\Tools\MSVC\14.29.30037\bin\HostX86\x86\nmake.exe"  -f CMakeFiles\cmTC_112ce.dir\build.make /nologo -L                  CMakeFiles\cmTC_112ce.dir\build
Building C object CMakeFiles/cmTC_112ce.dir/CMakeCCompilerABI.c.obj
	C:\PROGRA~2\MIB055~1\2019\PROFES~1\VC\Tools\MSVC\1429~1.300\bin\Hostx86\x86\cl.exe @C:\Users\ECUCCH~1.173\AppData\Local\Temp\nmAA97.tmp
CMakeCCompilerABI.c
Linking C executable cmTC_112ce.exe
	"C:\Program Files\JetBrains\CLion 2021.1.2\bin\cmake\win\bin\cmake.exe" -E vs_link_exe --intdir=CMakeFiles\cmTC_112ce.dir --rc=C:\PROGRA~2\WI3CF2~1\10\bin\100190~1.0\x86\rc.exe --mt=C:\PROGRA~2\WI3CF2~1\10\bin\100190~1.0\x86\mt.exe --manifests -- C:\PROGRA~2\MIB055~1\2019\PROFES~1\VC\Tools\MSVC\1429~1.300\bin\Hostx86\x86\link.exe /nologo @CMakeFiles\cmTC_112ce.dir\objects1.rsp @C:\Users\ECUCCH~1.173\AppData\Local\Temp\nmAB05.tmp



